<?xml version="1.0" encoding="UTF-8"?>
<testsuite name="com.example.project2.Project2ApplicationTests" tests="1" skipped="0" failures="0" errors="0" timestamp="2022-05-01T19:54:00" hostname="sinay-Aspire-E5-576G" time="0.556">
  <properties/>
  <testcase name="contextLoads()" classname="com.example.project2.Project2ApplicationTests" time="0.556"/>
  <system-out><![CDATA[23:53:51.471 [Test worker] DEBUG org.springframework.test.context.BootstrapUtils - Instantiating CacheAwareContextLoaderDelegate from class [org.springframework.test.context.cache.DefaultCacheAwareContextLoaderDelegate]
23:53:51.496 [Test worker] DEBUG org.springframework.test.context.BootstrapUtils - Instantiating BootstrapContext using constructor [public org.springframework.test.context.support.DefaultBootstrapContext(java.lang.Class,org.springframework.test.context.CacheAwareContextLoaderDelegate)]
23:53:51.543 [Test worker] DEBUG org.springframework.test.context.BootstrapUtils - Instantiating TestContextBootstrapper for test class [com.example.project2.Project2ApplicationTests] from class [org.springframework.boot.test.context.SpringBootTestContextBootstrapper]
23:53:51.555 [Test worker] INFO org.springframework.boot.test.context.SpringBootTestContextBootstrapper - Neither @ContextConfiguration nor @ContextHierarchy found for test class [com.example.project2.Project2ApplicationTests], using SpringBootContextLoader
23:53:51.569 [Test worker] DEBUG org.springframework.test.context.support.AbstractContextLoader - Did not detect default resource location for test class [com.example.project2.Project2ApplicationTests]: class path resource [com/example/project2/Project2ApplicationTests-context.xml] does not exist
23:53:51.570 [Test worker] DEBUG org.springframework.test.context.support.AbstractContextLoader - Did not detect default resource location for test class [com.example.project2.Project2ApplicationTests]: class path resource [com/example/project2/Project2ApplicationTestsContext.groovy] does not exist
23:53:51.570 [Test worker] INFO org.springframework.test.context.support.AbstractContextLoader - Could not detect default resource locations for test class [com.example.project2.Project2ApplicationTests]: no resource found for suffixes {-context.xml, Context.groovy}.
23:53:51.572 [Test worker] INFO org.springframework.test.context.support.AnnotationConfigContextLoaderUtils - Could not detect default configuration classes for test class [com.example.project2.Project2ApplicationTests]: Project2ApplicationTests does not declare any static, non-private, non-final, nested classes annotated with @Configuration.
23:53:51.656 [Test worker] DEBUG org.springframework.test.context.support.ActiveProfilesUtils - Could not find an 'annotation declaring class' for annotation type [org.springframework.test.context.ActiveProfiles] and class [com.example.project2.Project2ApplicationTests]
23:53:51.818 [Test worker] DEBUG org.springframework.context.annotation.ClassPathScanningCandidateComponentProvider - Identified candidate component class: file [/home/sinay/Desktop/MyWorkspace/myproject1/project2/build/classes/java/main/com/example/project2/Project2Application.class]
23:53:51.836 [Test worker] INFO org.springframework.boot.test.context.SpringBootTestContextBootstrapper - Found @SpringBootConfiguration com.example.project2.Project2Application for test class com.example.project2.Project2ApplicationTests
23:53:52.269 [Test worker] DEBUG org.springframework.boot.test.context.SpringBootTestContextBootstrapper - @TestExecutionListeners is not present for class [com.example.project2.Project2ApplicationTests]: using defaults.
23:53:52.270 [Test worker] INFO org.springframework.boot.test.context.SpringBootTestContextBootstrapper - Loaded default TestExecutionListener class names from location [META-INF/spring.factories]: [org.springframework.boot.test.autoconfigure.restdocs.RestDocsTestExecutionListener, org.springframework.boot.test.autoconfigure.web.client.MockRestServiceServerResetTestExecutionListener, org.springframework.boot.test.autoconfigure.web.servlet.MockMvcPrintOnlyOnFailureTestExecutionListener, org.springframework.boot.test.autoconfigure.web.servlet.WebDriverTestExecutionListener, org.springframework.boot.test.autoconfigure.webservices.client.MockWebServiceServerTestExecutionListener, org.springframework.boot.test.mock.mockito.MockitoTestExecutionListener, org.springframework.boot.test.mock.mockito.ResetMocksTestExecutionListener, org.springframework.test.context.web.ServletTestExecutionListener, org.springframework.test.context.support.DirtiesContextBeforeModesTestExecutionListener, org.springframework.test.context.event.ApplicationEventsTestExecutionListener, org.springframework.test.context.support.DependencyInjectionTestExecutionListener, org.springframework.test.context.support.DirtiesContextTestExecutionListener, org.springframework.test.context.transaction.TransactionalTestExecutionListener, org.springframework.test.context.jdbc.SqlScriptsTestExecutionListener, org.springframework.test.context.event.EventPublishingTestExecutionListener]
23:53:52.315 [Test worker] INFO org.springframework.boot.test.context.SpringBootTestContextBootstrapper - Using TestExecutionListeners: [org.springframework.test.context.web.ServletTestExecutionListener@7446d8d5, org.springframework.test.context.support.DirtiesContextBeforeModesTestExecutionListener@5c3b6c6e, org.springframework.test.context.event.ApplicationEventsTestExecutionListener@4fbda97b, org.springframework.boot.test.mock.mockito.MockitoTestExecutionListener@75f5fd58, org.springframework.boot.test.autoconfigure.SpringBootDependencyInjectionTestExecutionListener@37b70343, org.springframework.test.context.support.DirtiesContextTestExecutionListener@306851c7, org.springframework.test.context.transaction.TransactionalTestExecutionListener@12bcd0c0, org.springframework.test.context.jdbc.SqlScriptsTestExecutionListener@4879f0f2, org.springframework.test.context.event.EventPublishingTestExecutionListener@47db5fa5, org.springframework.boot.test.autoconfigure.restdocs.RestDocsTestExecutionListener@354fc8f0, org.springframework.boot.test.autoconfigure.web.client.MockRestServiceServerResetTestExecutionListener@41813449, org.springframework.boot.test.autoconfigure.web.servlet.MockMvcPrintOnlyOnFailureTestExecutionListener@4678a2eb, org.springframework.boot.test.autoconfigure.web.servlet.WebDriverTestExecutionListener@5b43fbf6, org.springframework.boot.test.autoconfigure.webservices.client.MockWebServiceServerTestExecutionListener@1080b026, org.springframework.boot.test.mock.mockito.ResetMocksTestExecutionListener@58ebfd03]
23:53:52.330 [Test worker] DEBUG org.springframework.test.context.support.AbstractDirtiesContextTestExecutionListener - Before test class: context [DefaultTestContext@192d74fb testClass = Project2ApplicationTests, testInstance = [null], testMethod = [null], testException = [null], mergedContextConfiguration = [WebMergedContextConfiguration@4bef0fe3 testClass = Project2ApplicationTests, locations = '{}', classes = '{class com.example.project2.Project2Application}', contextInitializerClasses = '[]', activeProfiles = '{}', propertySourceLocations = '{}', propertySourceProperties = '{org.springframework.boot.test.context.SpringBootTestContextBootstrapper=true}', contextCustomizers = set[org.springframework.boot.test.autoconfigure.actuate.metrics.MetricsExportContextCustomizerFactory$DisableMetricExportContextCustomizer@20ca951f, org.springframework.boot.test.autoconfigure.properties.PropertyMappingContextCustomizer@0, org.springframework.boot.test.autoconfigure.web.servlet.WebDriverContextCustomizerFactory$Customizer@181e731e, org.springframework.boot.test.context.filter.ExcludeFilterContextCustomizer@17d88132, org.springframework.boot.test.json.DuplicateJsonObjectContextCustomizerFactory$DuplicateJsonObjectContextCustomizer@5ef5c734, org.springframework.boot.test.mock.mockito.MockitoContextCustomizer@0, org.springframework.boot.test.web.client.TestRestTemplateContextCustomizer@327bcebd, org.springframework.boot.test.context.SpringBootTestArgs@1, org.springframework.boot.test.context.SpringBootTestWebEnvironment@58a9760d], resourceBasePath = 'src/main/webapp', contextLoader = 'org.springframework.boot.test.context.SpringBootContextLoader', parent = [null]], attributes = map['org.springframework.test.context.web.ServletTestExecutionListener.activateListener' -> true]], class annotated with @DirtiesContext [false] with mode [null].

  .   ____          _            __ _ _
 /\\ / ___'_ __ _ _(_)_ __  __ _ \ \ \ \
( ( )\___ | '_ | '_| | '_ \/ _` | \ \ \ \
 \\/  ___)| |_)| | | | | || (_| |  ) ) ) )
  '  |____| .__|_| |_|_| |_\__, | / / / /
 =========|_|==============|___/=/_/_/_/
 :: Spring Boot ::                (v2.6.7)

2022-05-01 23:53:53.351  INFO 9228 --- [    Test worker] c.e.project2.Project2ApplicationTests    : Starting Project2ApplicationTests using Java 11.0.9.1 on sinay-Aspire-E5-576G with PID 9228 (started by sinay in /home/sinay/Desktop/MyWorkspace/myproject1/project2)
2022-05-01 23:53:53.356  INFO 9228 --- [    Test worker] c.e.project2.Project2ApplicationTests    : No active profile set, falling back to 1 default profile: "default"
2022-05-01 23:53:54.696  INFO 9228 --- [    Test worker] .s.d.r.c.RepositoryConfigurationDelegate : Bootstrapping Spring Data JPA repositories in DEFAULT mode.
2022-05-01 23:53:54.735  INFO 9228 --- [    Test worker] .s.d.r.c.RepositoryConfigurationDelegate : Finished Spring Data repository scanning in 32 ms. Found 1 JPA repository interfaces.
2022-05-01 23:53:55.442  INFO 9228 --- [    Test worker] o.hibernate.jpa.internal.util.LogHelper  : HHH000204: Processing PersistenceUnitInfo [name: default]
2022-05-01 23:53:55.491  INFO 9228 --- [    Test worker] org.hibernate.Version                    : HHH000412: Hibernate ORM core version 5.6.8.Final
2022-05-01 23:53:55.671  INFO 9228 --- [    Test worker] o.hibernate.annotations.common.Version   : HCANN000001: Hibernate Commons Annotations {5.1.2.Final}
2022-05-01 23:53:55.842  INFO 9228 --- [    Test worker] com.zaxxer.hikari.HikariDataSource       : HikariPool-1 - Starting...
2022-05-01 23:53:56.039  INFO 9228 --- [    Test worker] com.zaxxer.hikari.HikariDataSource       : HikariPool-1 - Start completed.
2022-05-01 23:53:56.053  INFO 9228 --- [    Test worker] org.hibernate.dialect.Dialect            : HHH000400: Using dialect: org.hibernate.dialect.MySQL5InnoDBDialect
2022-05-01 23:53:58.807  INFO 9228 --- [    Test worker] o.h.e.t.j.p.i.JtaPlatformInitiator       : HHH000490: Using JtaPlatform implementation: [org.hibernate.engine.transaction.jta.platform.internal.NoJtaPlatform]
2022-05-01 23:53:58.829  INFO 9228 --- [    Test worker] j.LocalContainerEntityManagerFactoryBean : Initialized JPA EntityManagerFactory for persistence unit 'default'
2022-05-01 23:53:59.384  WARN 9228 --- [    Test worker] JpaBaseConfiguration$JpaWebConfiguration : spring.jpa.open-in-view is enabled by default. Therefore, database queries may be performed during view rendering. Explicitly configure spring.jpa.open-in-view to disable this warning
2022-05-01 23:54:00.010  INFO 9228 --- [    Test worker] c.e.project2.Project2ApplicationTests    : Started Project2ApplicationTests in 7.581 seconds (JVM running for 10.21)
]]></system-out>
  <system-err><![CDATA[]]></system-err>
</testsuite>
